Using pre-set license
Built from '2021.2/staging' branch; Version is '2021.2.7f1 (6bd9e232123f) revision 7068130'; Using compiler version '192829333'; Build Type 'Release'
OS: 'Windows 11  (10.0.22000) 64bit Core' Language: 'en' Physical Memory: 32353 MB
BatchMode: 1, IsHumanControllingUs: 0, StartBugReporterOnCrash: 0, Is64bit: 1, IsPro: 0

COMMAND LINE ARGUMENTS:
C:\Program Files\Unity\Hub\Editor\2021.2.7f1\Editor\Unity.exe
-adb2
-batchMode
-noUpm
-name
AssetImportWorker0
-projectPath
C:/Users/BJLar/OneDrive/Documents/Programing/Unity/Games/NFT Museum
-logFile
Logs/AssetImportWorker0.log
-srvPort
52273
Successfully changed project path to: C:/Users/BJLar/OneDrive/Documents/Programing/Unity/Games/NFT Museum
C:/Users/BJLar/OneDrive/Documents/Programing/Unity/Games/NFT Museum
[UnityMemory] Configuration Parameters - Can be set up in boot.config
    "memorysetup-bucket-allocator-granularity=16"
    "memorysetup-bucket-allocator-bucket-count=8"
    "memorysetup-bucket-allocator-block-size=33554432"
    "memorysetup-bucket-allocator-block-count=8"
    "memorysetup-main-allocator-block-size=16777216"
    "memorysetup-thread-allocator-block-size=16777216"
    "memorysetup-gfx-main-allocator-block-size=16777216"
    "memorysetup-gfx-thread-allocator-block-size=16777216"
    "memorysetup-cache-allocator-block-size=4194304"
    "memorysetup-typetree-allocator-block-size=2097152"
    "memorysetup-profiler-bucket-allocator-granularity=16"
    "memorysetup-profiler-bucket-allocator-bucket-count=8"
    "memorysetup-profiler-bucket-allocator-block-size=33554432"
    "memorysetup-profiler-bucket-allocator-block-count=8"
    "memorysetup-profiler-allocator-block-size=16777216"
    "memorysetup-profiler-editor-allocator-block-size=1048576"
    "memorysetup-temp-allocator-size-main=16777216"
    "memorysetup-job-temp-allocator-block-size=2097152"
    "memorysetup-job-temp-allocator-block-size-background=1048576"
    "memorysetup-job-temp-allocator-reduction-small-platforms=262144"
    "memorysetup-temp-allocator-size-background-worker=32768"
    "memorysetup-temp-allocator-size-job-worker=262144"
    "memorysetup-temp-allocator-size-preload-manager=33554432"
    "memorysetup-temp-allocator-size-nav-mesh-worker=65536"
    "memorysetup-temp-allocator-size-audio-worker=65536"
    "memorysetup-temp-allocator-size-cloud-worker=32768"
    "memorysetup-temp-allocator-size-gi-baking-worker=262144"
    "memorysetup-temp-allocator-size-gfx=262144"
Refreshing native plugins compatible for Editor in 144.39 ms, found 3 plugins.
Preloading 0 native plugins for Editor in 0.00 ms.
Initialize engine version: 2021.2.7f1 (6bd9e232123f)
[Subsystems] Discovering subsystems at path C:/Program Files/Unity/Hub/Editor/2021.2.7f1/Editor/Data/Resources/UnitySubsystems
[Subsystems] Discovering subsystems at path C:/Users/BJLar/OneDrive/Documents/Programing/Unity/Games/NFT Museum/Assets
GfxDevice: creating device client; threaded=0; jobified=0
Direct3D:
    Version:  Direct3D 11.0 [level 11.1]
    Renderer: NVIDIA GeForce GTX 1660 Ti with Max-Q Design (ID=0x2191)
    Vendor:   NVIDIA
    VRAM:     5994 MB
    Driver:   27.21.14.6259
Initialize mono
Mono path[0] = 'C:/Program Files/Unity/Hub/Editor/2021.2.7f1/Editor/Data/Managed'
Mono path[1] = 'C:/Program Files/Unity/Hub/Editor/2021.2.7f1/Editor/Data/MonoBleedingEdge/lib/mono/unityjit-win32'
Mono config path = 'C:/Program Files/Unity/Hub/Editor/2021.2.7f1/Editor/Data/MonoBleedingEdge/etc'
Using monoOptions --debugger-agent=transport=dt_socket,embedding=1,server=y,suspend=n,address=127.0.0.1:56724
Begin MonoManager ReloadAssembly
Registering precompiled unity dll's ...
Register platform support module: C:/Program Files/Unity/Hub/Editor/2021.2.7f1/Editor/Data/PlaybackEngines/WebGLSupport/UnityEditor.WebGL.Extensions.dll
Register platform support module: C:/Program Files/Unity/Hub/Editor/2021.2.7f1/Editor/Data/PlaybackEngines/MacStandaloneSupport/UnityEditor.OSXStandalone.Extensions.dll
Register platform support module: C:/Program Files/Unity/Hub/Editor/2021.2.7f1/Editor/Data/PlaybackEngines/WindowsStandaloneSupport/UnityEditor.WindowsStandalone.Extensions.dll
Registered in 0.010175 seconds.
Native extension for WindowsStandalone target not found
Native extension for OSXStandalone target not found
Native extension for WebGL target not found
Refreshing native plugins compatible for Editor in 178.05 ms, found 3 plugins.
Preloading 0 native plugins for Editor in 0.00 ms.
Mono: successfully reloaded assembly
- Completed reload, in  1.304 seconds
Domain Reload Profiling:
	ReloadAssembly (1306ms)
		BeginReloadAssembly (129ms)
			ExecutionOrderSort (0ms)
			DisableScriptedObjects (0ms)
			BackupInstance (0ms)
			ReleaseScriptingObjects (0ms)
			CreateAndSetChildDomain (2ms)
		EndReloadAssembly (1021ms)
			LoadAssemblies (125ms)
			RebuildTransferFunctionScriptingTraits (0ms)
			SetupTypeCache (204ms)
			ReleaseScriptCaches (0ms)
			RebuildScriptCaches (63ms)
			SetupLoadedEditorAssemblies (637ms)
				LogAssemblyErrors (0ms)
				InitializePlatformSupportModulesInManaged (39ms)
				SetLoadedEditorAssemblies (0ms)
				RefreshPlugins (178ms)
				BeforeProcessingInitializeOnLoad (3ms)
				ProcessInitializeOnLoadAttributes (328ms)
				ProcessInitializeOnLoadMethodAttributes (88ms)
				AfterProcessingInitializeOnLoad (0ms)
				EditorAssembliesLoaded (0ms)
			ExecutionOrderSort2 (0ms)
			AwakeInstancesAfterBackupRestoration (0ms)
Platform modules already initialized, skipping
Registering precompiled user dll's ...
Registered in 0.014348 seconds.
Begin MonoManager ReloadAssembly
Native extension for WindowsStandalone target not found
Native extension for OSXStandalone target not found
Native extension for WebGL target not found
Refreshing native plugins compatible for Editor in 0.75 ms, found 3 plugins.
Preloading 0 native plugins for Editor in 0.00 ms.
Mono: successfully reloaded assembly
- Completed reload, in  1.879 seconds
Domain Reload Profiling:
	ReloadAssembly (1881ms)
		BeginReloadAssembly (214ms)
			ExecutionOrderSort (0ms)
			DisableScriptedObjects (15ms)
			BackupInstance (0ms)
			ReleaseScriptingObjects (0ms)
			CreateAndSetChildDomain (42ms)
		EndReloadAssembly (1503ms)
			LoadAssemblies (117ms)
			RebuildTransferFunctionScriptingTraits (0ms)
			SetupTypeCache (366ms)
			ReleaseScriptCaches (1ms)
			RebuildScriptCaches (114ms)
			SetupLoadedEditorAssemblies (770ms)
				LogAssemblyErrors (0ms)
				InitializePlatformSupportModulesInManaged (26ms)
				SetLoadedEditorAssemblies (1ms)
				RefreshPlugins (1ms)
				BeforeProcessingInitializeOnLoad (164ms)
				ProcessInitializeOnLoadAttributes (509ms)
				ProcessInitializeOnLoadMethodAttributes (50ms)
				AfterProcessingInitializeOnLoad (18ms)
				EditorAssembliesLoaded (0ms)
			ExecutionOrderSort2 (0ms)
			AwakeInstancesAfterBackupRestoration (16ms)
Platform modules already initialized, skipping
========================================================================
Worker process is ready to serve import requests
Launched and connected shader compiler UnityShaderCompiler.exe after 0.16 seconds
Refreshing native plugins compatible for Editor in 2.38 ms, found 3 plugins.
Preloading 0 native plugins for Editor in 0.00 ms.
Unloading 3227 Unused Serialized files (Serialized files now loaded: 0)
Unloading 35 unused Assets / (1.3 MB). Loaded Objects now: 3699.
Memory consumption went from 131.5 MB to 130.2 MB.
Total: 7.333200 ms (FindLiveObjects: 0.457000 ms CreateObjectMapping: 0.332300 ms MarkObjects: 6.042800 ms  DeleteObjects: 0.498000 ms)

AssetImportParameters requested are different than current active one (requested -> active):
  custom:video-decoder-ogg-theora: a1e56fd34408186e4bbccfd4996cb3dc -> 
  custom:container-muxer-webm: aa71ff27fc2769a1b78a27578f13a17b -> 
  custom:container-demuxer-webm: 4f35f7cbe854078d1ac9338744f61a02 -> 
  custom:video-encoder-webm-vp8: eb34c28f22e8b96e1ab97ce403110664 -> 
  custom:video-codec-MediaFoundation-h265: 746d11721c4dcdbdad8f713fa42b33f4 -> 
  custom:audio-encoder-webm-vorbis: bf7c407c2cedff20999df2af8eb42d56 -> 
  custom:framework-win-MediaFoundation: 216162199b28c13a410421893ffa2e32 -> 
  custom:container-demuxer-ogg: 62fdf1f143b41e24485cea50d1cbac27 -> 
  custom:video-decoder-webm-vp8: 9c59270c3fd7afecdb556c50c9e8de78 -> 
  custom:audio-decoder-ogg-vorbis: bf7c407c2cedff20999df2af8eb42d56 -> 
========================================================================
Received Import Request.
  Time since last request: 230356.099276 seconds.
  path: Assets/punk3100 1.png
  artifactKey: Guid(5fc8d8825949d5b4daa54cb844ee4441) Importer(815301076,1909f56bfc062723c751e8b465ee728b)
Start importing Assets/punk3100 1.png using Guid(5fc8d8825949d5b4daa54cb844ee4441) Importer(815301076,1909f56bfc062723c751e8b465ee728b)  -> (artifact id: 'ac6e2533b2d9aa59c6a390ffad087385') in 0.192232 seconds 
========================================================================
Received Import Request.
  Time since last request: 0.000039 seconds.
  path: Assets/Cryptopunk.mat
  artifactKey: Guid(15530f63245c016498c496d42489c213) Importer(815301076,1909f56bfc062723c751e8b465ee728b)
Start importing Assets/Cryptopunk.mat using Guid(15530f63245c016498c496d42489c213) Importer(815301076,1909f56bfc062723c751e8b465ee728b)  -> (artifact id: '2873ec82fb13bc9b0a1a8cad885d8032') in 0.574405 seconds 
========================================================================
Received Import Request.
  Time since last request: 0.000048 seconds.
  path: Assets/gordy.png
  artifactKey: Guid(53a293a3c2f4bc74f957d6c066f8ff6e) Importer(815301076,1909f56bfc062723c751e8b465ee728b)
Start importing Assets/gordy.png using Guid(53a293a3c2f4bc74f957d6c066f8ff6e) Importer(815301076,1909f56bfc062723c751e8b465ee728b)  -> (artifact id: 'b7df916ae4f11445573d30c15d2578f0') in 0.051808 seconds 
========================================================================
Received Import Request.
  Time since last request: 0.000046 seconds.
  path: Assets/Fidenza2.mat
  artifactKey: Guid(5ffc2158741f7504a859ba3fd99b1b9c) Importer(815301076,1909f56bfc062723c751e8b465ee728b)
Start importing Assets/Fidenza2.mat using Guid(5ffc2158741f7504a859ba3fd99b1b9c) Importer(815301076,1909f56bfc062723c751e8b465ee728b)  -> (artifact id: 'f797eeee325f9d88703fd7976f98736d') in 0.065018 seconds 
========================================================================
Received Import Request.
  Time since last request: 0.000038 seconds.
  path: Assets/6.jpg
  artifactKey: Guid(74216e148e114e945b667aa29e7d76c7) Importer(815301076,1909f56bfc062723c751e8b465ee728b)
Start importing Assets/6.jpg using Guid(74216e148e114e945b667aa29e7d76c7) Importer(815301076,1909f56bfc062723c751e8b465ee728b)  -> (artifact id: '9c6f4688f1a7cd8ec15366cde3281a69') in 0.146429 seconds 
========================================================================
Received Import Request.
  Time since last request: 0.000041 seconds.
  path: Assets/unnamed.png
  artifactKey: Guid(8842edcd29b30a049a3a9757add6bcfd) Importer(815301076,1909f56bfc062723c751e8b465ee728b)
Start importing Assets/unnamed.png using Guid(8842edcd29b30a049a3a9757add6bcfd) Importer(815301076,1909f56bfc062723c751e8b465ee728b)  -> (artifact id: '713480ffeb06af5ce7b3e28bdad6e1fd') in 0.051653 seconds 
========================================================================
Received Import Request.
  Time since last request: 0.000061 seconds.
  path: Assets/10.jpg
  artifactKey: Guid(e6aa289d206eb864d98797f1fb38be30) Importer(815301076,1909f56bfc062723c751e8b465ee728b)
Start importing Assets/10.jpg using Guid(e6aa289d206eb864d98797f1fb38be30) Importer(815301076,1909f56bfc062723c751e8b465ee728b)  -> (artifact id: 'f9e7963d300a712f775f67808e161d79') in 0.032354 seconds 
========================================================================
Received Import Request.
  Time since last request: 20.117554 seconds.
  path: Assets/Player.cs
  artifactKey: Guid(7b69cb6aeec3776459633ead88b07bd9) Importer(815301076,1909f56bfc062723c751e8b465ee728b)
Start importing Assets/Player.cs using Guid(7b69cb6aeec3776459633ead88b07bd9) Importer(815301076,1909f56bfc062723c751e8b465ee728b)  -> (artifact id: 'df165efa486667997fcfac5d0dc0a6e7') in 0.056124 seconds 
========================================================================
Received Import Request.
  Time since last request: 2495.567821 seconds.
  path: Assets/Player.cs
  artifactKey: Guid(7b69cb6aeec3776459633ead88b07bd9) Importer(815301076,1909f56bfc062723c751e8b465ee728b)
Start importing Assets/Player.cs using Guid(7b69cb6aeec3776459633ead88b07bd9) Importer(815301076,1909f56bfc062723c751e8b465ee728b)  -> (artifact id: '0aa060248b5ce1db2a12625936210dde') in 0.019408 seconds 
========================================================================
Received Prepare
Registering precompiled user dll's ...
Registered in 0.014965 seconds.
Begin MonoManager ReloadAssembly
Native extension for WindowsStandalone target not found
Native extension for OSXStandalone target not found
Native extension for WebGL target not found
Refreshing native plugins compatible for Editor in 1.36 ms, found 3 plugins.
Preloading 0 native plugins for Editor in 0.00 ms.
Mono: successfully reloaded assembly
- Completed reload, in  1.800 seconds
Domain Reload Profiling:
	ReloadAssembly (1801ms)
		BeginReloadAssembly (248ms)
			ExecutionOrderSort (0ms)
			DisableScriptedObjects (11ms)
			BackupInstance (0ms)
			ReleaseScriptingObjects (0ms)
			CreateAndSetChildDomain (87ms)
		EndReloadAssembly (1379ms)
			LoadAssemblies (129ms)
			RebuildTransferFunctionScriptingTraits (0ms)
			SetupTypeCache (427ms)
			ReleaseScriptCaches (2ms)
			RebuildScriptCaches (60ms)
			SetupLoadedEditorAssemblies (633ms)
				LogAssemblyErrors (0ms)
				InitializePlatformSupportModulesInManaged (23ms)
				SetLoadedEditorAssemblies (1ms)
				RefreshPlugins (2ms)
				BeforeProcessingInitializeOnLoad (130ms)
				ProcessInitializeOnLoadAttributes (397ms)
				ProcessInitializeOnLoadMethodAttributes (65ms)
				AfterProcessingInitializeOnLoad (15ms)
				EditorAssembliesLoaded (1ms)
			ExecutionOrderSort2 (0ms)
			AwakeInstancesAfterBackupRestoration (33ms)
Platform modules already initialized, skipping
Refreshing native plugins compatible for Editor in 0.66 ms, found 3 plugins.
Preloading 0 native plugins for Editor in 0.00 ms.
Unloading 3200 Unused Serialized files (Serialized files now loaded: 0)
Unloading 30 unused Assets / (1.2 MB). Loaded Objects now: 3818.
Memory consumption went from 136.6 MB to 135.4 MB.
Total: 4.169100 ms (FindLiveObjects: 0.340000 ms CreateObjectMapping: 0.159900 ms MarkObjects: 3.335200 ms  DeleteObjects: 0.332000 ms)

AssetImportParameters requested are different than current active one (requested -> active):
  custom:video-decoder-ogg-theora: a1e56fd34408186e4bbccfd4996cb3dc -> 
  custom:container-muxer-webm: aa71ff27fc2769a1b78a27578f13a17b -> 
  custom:container-demuxer-webm: 4f35f7cbe854078d1ac9338744f61a02 -> 
  custom:video-encoder-webm-vp8: eb34c28f22e8b96e1ab97ce403110664 -> 
  custom:video-codec-MediaFoundation-h265: 746d11721c4dcdbdad8f713fa42b33f4 -> 
  custom:audio-encoder-webm-vorbis: bf7c407c2cedff20999df2af8eb42d56 -> 
  custom:framework-win-MediaFoundation: 216162199b28c13a410421893ffa2e32 -> 
  custom:container-demuxer-ogg: 62fdf1f143b41e24485cea50d1cbac27 -> 
  custom:video-decoder-webm-vp8: 9c59270c3fd7afecdb556c50c9e8de78 -> 
  custom:audio-decoder-ogg-vorbis: bf7c407c2cedff20999df2af8eb42d56 -> 
========================================================================
Received Prepare
Registering precompiled user dll's ...
Registered in 0.006745 seconds.
Begin MonoManager ReloadAssembly
Native extension for WindowsStandalone target not found
Native extension for OSXStandalone target not found
Native extension for WebGL target not found
Refreshing native plugins compatible for Editor in 0.69 ms, found 3 plugins.
Preloading 0 native plugins for Editor in 0.00 ms.
Mono: successfully reloaded assembly
- Completed reload, in  1.827 seconds
Domain Reload Profiling:
	ReloadAssembly (1828ms)
		BeginReloadAssembly (233ms)
			ExecutionOrderSort (0ms)
			DisableScriptedObjects (13ms)
			BackupInstance (0ms)
			ReleaseScriptingObjects (0ms)
			CreateAndSetChildDomain (53ms)
		EndReloadAssembly (1432ms)
			LoadAssemblies (119ms)
			RebuildTransferFunctionScriptingTraits (0ms)
			SetupTypeCache (431ms)
			ReleaseScriptCaches (2ms)
			RebuildScriptCaches (86ms)
			SetupLoadedEditorAssemblies (674ms)
				LogAssemblyErrors (0ms)
				InitializePlatformSupportModulesInManaged (25ms)
				SetLoadedEditorAssemblies (1ms)
				RefreshPlugins (1ms)
				BeforeProcessingInitializeOnLoad (130ms)
				ProcessInitializeOnLoadAttributes (478ms)
				ProcessInitializeOnLoadMethodAttributes (32ms)
				AfterProcessingInitializeOnLoad (8ms)
				EditorAssembliesLoaded (0ms)
			ExecutionOrderSort2 (0ms)
			AwakeInstancesAfterBackupRestoration (19ms)
Platform modules already initialized, skipping
Refreshing native plugins compatible for Editor in 1.55 ms, found 3 plugins.
Preloading 0 native plugins for Editor in 0.00 ms.
Unloading 3195 Unused Serialized files (Serialized files now loaded: 0)
Unloading 30 unused Assets / (1.2 MB). Loaded Objects now: 3820.
Memory consumption went from 136.5 MB to 135.2 MB.
Total: 9.834000 ms (FindLiveObjects: 0.486200 ms CreateObjectMapping: 0.255900 ms MarkObjects: 8.300600 ms  DeleteObjects: 0.787200 ms)

AssetImportParameters requested are different than current active one (requested -> active):
  custom:video-decoder-ogg-theora: a1e56fd34408186e4bbccfd4996cb3dc -> 
  custom:container-muxer-webm: aa71ff27fc2769a1b78a27578f13a17b -> 
  custom:container-demuxer-webm: 4f35f7cbe854078d1ac9338744f61a02 -> 
  custom:video-encoder-webm-vp8: eb34c28f22e8b96e1ab97ce403110664 -> 
  custom:video-codec-MediaFoundation-h265: 746d11721c4dcdbdad8f713fa42b33f4 -> 
  custom:audio-encoder-webm-vorbis: bf7c407c2cedff20999df2af8eb42d56 -> 
  custom:framework-win-MediaFoundation: 216162199b28c13a410421893ffa2e32 -> 
  custom:container-demuxer-ogg: 62fdf1f143b41e24485cea50d1cbac27 -> 
  custom:video-decoder-webm-vp8: 9c59270c3fd7afecdb556c50c9e8de78 -> 
  custom:audio-decoder-ogg-vorbis: bf7c407c2cedff20999df2af8eb42d56 -> 
========================================================================
Received Prepare
Registering precompiled user dll's ...
Registered in 0.006334 seconds.
Begin MonoManager ReloadAssembly
Native extension for WindowsStandalone target not found
Native extension for OSXStandalone target not found
Native extension for WebGL target not found
Refreshing native plugins compatible for Editor in 0.85 ms, found 3 plugins.
Preloading 0 native plugins for Editor in 0.00 ms.
Mono: successfully reloaded assembly
- Completed reload, in  1.396 seconds
Domain Reload Profiling:
	ReloadAssembly (1397ms)
		BeginReloadAssembly (154ms)
			ExecutionOrderSort (0ms)
			DisableScriptedObjects (9ms)
			BackupInstance (0ms)
			ReleaseScriptingObjects (0ms)
			CreateAndSetChildDomain (39ms)
		EndReloadAssembly (1100ms)
			LoadAssemblies (92ms)
			RebuildTransferFunctionScriptingTraits (0ms)
			SetupTypeCache (343ms)
			ReleaseScriptCaches (2ms)
			RebuildScriptCaches (73ms)
			SetupLoadedEditorAssemblies (495ms)
				LogAssemblyErrors (0ms)
				InitializePlatformSupportModulesInManaged (31ms)
				SetLoadedEditorAssemblies (1ms)
				RefreshPlugins (1ms)
				BeforeProcessingInitializeOnLoad (83ms)
				ProcessInitializeOnLoadAttributes (337ms)
				ProcessInitializeOnLoadMethodAttributes (35ms)
				AfterProcessingInitializeOnLoad (8ms)
				EditorAssembliesLoaded (0ms)
			ExecutionOrderSort2 (0ms)
			AwakeInstancesAfterBackupRestoration (16ms)
Platform modules already initialized, skipping
Refreshing native plugins compatible for Editor in 2.03 ms, found 3 plugins.
Preloading 0 native plugins for Editor in 0.00 ms.
Unloading 3195 Unused Serialized files (Serialized files now loaded: 0)
Unloading 30 unused Assets / (1.2 MB). Loaded Objects now: 3822.
Memory consumption went from 136.5 MB to 135.2 MB.
Total: 32.682000 ms (FindLiveObjects: 12.182800 ms CreateObjectMapping: 1.179400 ms MarkObjects: 18.966400 ms  DeleteObjects: 0.350400 ms)

AssetImportParameters requested are different than current active one (requested -> active):
  custom:video-decoder-ogg-theora: a1e56fd34408186e4bbccfd4996cb3dc -> 
  custom:container-muxer-webm: aa71ff27fc2769a1b78a27578f13a17b -> 
  custom:container-demuxer-webm: 4f35f7cbe854078d1ac9338744f61a02 -> 
  custom:video-encoder-webm-vp8: eb34c28f22e8b96e1ab97ce403110664 -> 
  custom:video-codec-MediaFoundation-h265: 746d11721c4dcdbdad8f713fa42b33f4 -> 
  custom:audio-encoder-webm-vorbis: bf7c407c2cedff20999df2af8eb42d56 -> 
  custom:framework-win-MediaFoundation: 216162199b28c13a410421893ffa2e32 -> 
  custom:container-demuxer-ogg: 62fdf1f143b41e24485cea50d1cbac27 -> 
  custom:video-decoder-webm-vp8: 9c59270c3fd7afecdb556c50c9e8de78 -> 
  custom:audio-decoder-ogg-vorbis: bf7c407c2cedff20999df2af8eb42d56 -> 
========================================================================
Received Prepare
Registering precompiled user dll's ...
Registered in 0.008588 seconds.
Begin MonoManager ReloadAssembly
Native extension for WindowsStandalone target not found
Native extension for OSXStandalone target not found
Native extension for WebGL target not found
Refreshing native plugins compatible for Editor in 0.60 ms, found 3 plugins.
Preloading 0 native plugins for Editor in 0.00 ms.
Mono: successfully reloaded assembly
- Completed reload, in  1.297 seconds
Domain Reload Profiling:
	ReloadAssembly (1298ms)
		BeginReloadAssembly (160ms)
			ExecutionOrderSort (0ms)
			DisableScriptedObjects (11ms)
			BackupInstance (0ms)
			ReleaseScriptingObjects (0ms)
			CreateAndSetChildDomain (42ms)
		EndReloadAssembly (1019ms)
			LoadAssemblies (91ms)
			RebuildTransferFunctionScriptingTraits (0ms)
			SetupTypeCache (310ms)
			ReleaseScriptCaches (2ms)
			RebuildScriptCaches (56ms)
			SetupLoadedEditorAssemblies (466ms)
				LogAssemblyErrors (0ms)
				InitializePlatformSupportModulesInManaged (24ms)
				SetLoadedEditorAssemblies (1ms)
				RefreshPlugins (1ms)
				BeforeProcessingInitializeOnLoad (90ms)
				ProcessInitializeOnLoadAttributes (315ms)
				ProcessInitializeOnLoadMethodAttributes (28ms)
				AfterProcessingInitializeOnLoad (7ms)
				EditorAssembliesLoaded (0ms)
			ExecutionOrderSort2 (0ms)
			AwakeInstancesAfterBackupRestoration (19ms)
Platform modules already initialized, skipping
Refreshing native plugins compatible for Editor in 0.83 ms, found 3 plugins.
Preloading 0 native plugins for Editor in 0.00 ms.
Unloading 3195 Unused Serialized files (Serialized files now loaded: 0)
Unloading 30 unused Assets / (1.2 MB). Loaded Objects now: 3824.
Memory consumption went from 136.5 MB to 135.2 MB.
Total: 3.188500 ms (FindLiveObjects: 0.306400 ms CreateObjectMapping: 0.168300 ms MarkObjects: 2.511700 ms  DeleteObjects: 0.199800 ms)

AssetImportParameters requested are different than current active one (requested -> active):
  custom:video-decoder-ogg-theora: a1e56fd34408186e4bbccfd4996cb3dc -> 
  custom:container-muxer-webm: aa71ff27fc2769a1b78a27578f13a17b -> 
  custom:container-demuxer-webm: 4f35f7cbe854078d1ac9338744f61a02 -> 
  custom:video-encoder-webm-vp8: eb34c28f22e8b96e1ab97ce403110664 -> 
  custom:video-codec-MediaFoundation-h265: 746d11721c4dcdbdad8f713fa42b33f4 -> 
  custom:audio-encoder-webm-vorbis: bf7c407c2cedff20999df2af8eb42d56 -> 
  custom:framework-win-MediaFoundation: 216162199b28c13a410421893ffa2e32 -> 
  custom:container-demuxer-ogg: 62fdf1f143b41e24485cea50d1cbac27 -> 
  custom:video-decoder-webm-vp8: 9c59270c3fd7afecdb556c50c9e8de78 -> 
  custom:audio-decoder-ogg-vorbis: bf7c407c2cedff20999df2af8eb42d56 -> 
========================================================================
Received Prepare
Registering precompiled user dll's ...
Registered in 0.009624 seconds.
Begin MonoManager ReloadAssembly
Native extension for WindowsStandalone target not found
Native extension for OSXStandalone target not found
Native extension for WebGL target not found
Refreshing native plugins compatible for Editor in 0.83 ms, found 3 plugins.
Preloading 0 native plugins for Editor in 0.00 ms.
Mono: successfully reloaded assembly
- Completed reload, in  1.556 seconds
Domain Reload Profiling:
	ReloadAssembly (1557ms)
		BeginReloadAssembly (252ms)
			ExecutionOrderSort (0ms)
			DisableScriptedObjects (8ms)
			BackupInstance (0ms)
			ReleaseScriptingObjects (0ms)
			CreateAndSetChildDomain (72ms)
		EndReloadAssembly (1099ms)
			LoadAssemblies (137ms)
			RebuildTransferFunctionScriptingTraits (0ms)
			SetupTypeCache (404ms)
			ReleaseScriptCaches (2ms)
			RebuildScriptCaches (66ms)
			SetupLoadedEditorAssemblies (428ms)
				LogAssemblyErrors (0ms)
				InitializePlatformSupportModulesInManaged (21ms)
				SetLoadedEditorAssemblies (1ms)
				RefreshPlugins (1ms)
				BeforeProcessingInitializeOnLoad (93ms)
				ProcessInitializeOnLoadAttributes (272ms)
				ProcessInitializeOnLoadMethodAttributes (31ms)
				AfterProcessingInitializeOnLoad (8ms)
				EditorAssembliesLoaded (0ms)
			ExecutionOrderSort2 (0ms)
			AwakeInstancesAfterBackupRestoration (18ms)
Platform modules already initialized, skipping
Refreshing native plugins compatible for Editor in 0.74 ms, found 3 plugins.
Preloading 0 native plugins for Editor in 0.00 ms.
Unloading 3195 Unused Serialized files (Serialized files now loaded: 0)
Unloading 30 unused Assets / (1.2 MB). Loaded Objects now: 3826.
Memory consumption went from 136.5 MB to 135.3 MB.
Total: 3.197500 ms (FindLiveObjects: 0.293100 ms CreateObjectMapping: 0.136800 ms MarkObjects: 2.586300 ms  DeleteObjects: 0.179300 ms)

AssetImportParameters requested are different than current active one (requested -> active):
  custom:video-decoder-ogg-theora: a1e56fd34408186e4bbccfd4996cb3dc -> 
  custom:container-muxer-webm: aa71ff27fc2769a1b78a27578f13a17b -> 
  custom:container-demuxer-webm: 4f35f7cbe854078d1ac9338744f61a02 -> 
  custom:video-encoder-webm-vp8: eb34c28f22e8b96e1ab97ce403110664 -> 
  custom:video-codec-MediaFoundation-h265: 746d11721c4dcdbdad8f713fa42b33f4 -> 
  custom:audio-encoder-webm-vorbis: bf7c407c2cedff20999df2af8eb42d56 -> 
  custom:framework-win-MediaFoundation: 216162199b28c13a410421893ffa2e32 -> 
  custom:container-demuxer-ogg: 62fdf1f143b41e24485cea50d1cbac27 -> 
  custom:video-decoder-webm-vp8: 9c59270c3fd7afecdb556c50c9e8de78 -> 
  custom:audio-decoder-ogg-vorbis: bf7c407c2cedff20999df2af8eb42d56 -> 
========================================================================
Received Prepare
Registering precompiled user dll's ...
Registered in 0.007481 seconds.
Begin MonoManager ReloadAssembly
Native extension for WindowsStandalone target not found
Native extension for OSXStandalone target not found
Native extension for WebGL target not found
Refreshing native plugins compatible for Editor in 1.02 ms, found 3 plugins.
Preloading 0 native plugins for Editor in 0.00 ms.
Mono: successfully reloaded assembly
- Completed reload, in  1.292 seconds
Domain Reload Profiling:
	ReloadAssembly (1293ms)
		BeginReloadAssembly (156ms)
			ExecutionOrderSort (0ms)
			DisableScriptedObjects (11ms)
			BackupInstance (0ms)
			ReleaseScriptingObjects (0ms)
			CreateAndSetChildDomain (41ms)
		EndReloadAssembly (1000ms)
			LoadAssemblies (83ms)
			RebuildTransferFunctionScriptingTraits (0ms)
			SetupTypeCache (272ms)
			ReleaseScriptCaches (3ms)
			RebuildScriptCaches (70ms)
			SetupLoadedEditorAssemblies (483ms)
				LogAssemblyErrors (0ms)
				InitializePlatformSupportModulesInManaged (25ms)
				SetLoadedEditorAssemblies (1ms)
				RefreshPlugins (1ms)
				BeforeProcessingInitializeOnLoad (89ms)
				ProcessInitializeOnLoadAttributes (325ms)
				ProcessInitializeOnLoadMethodAttributes (33ms)
				AfterProcessingInitializeOnLoad (9ms)
				EditorAssembliesLoaded (0ms)
			ExecutionOrderSort2 (0ms)
			AwakeInstancesAfterBackupRestoration (18ms)
Platform modules already initialized, skipping
Refreshing native plugins compatible for Editor in 1.07 ms, found 3 plugins.
Preloading 0 native plugins for Editor in 0.00 ms.
Unloading 3195 Unused Serialized files (Serialized files now loaded: 0)
Unloading 30 unused Assets / (1.2 MB). Loaded Objects now: 3828.
Memory consumption went from 136.5 MB to 135.3 MB.
Total: 6.897700 ms (FindLiveObjects: 0.589200 ms CreateObjectMapping: 0.809800 ms MarkObjects: 5.258700 ms  DeleteObjects: 0.236700 ms)

AssetImportParameters requested are different than current active one (requested -> active):
  custom:video-decoder-ogg-theora: a1e56fd34408186e4bbccfd4996cb3dc -> 
  custom:container-muxer-webm: aa71ff27fc2769a1b78a27578f13a17b -> 
  custom:container-demuxer-webm: 4f35f7cbe854078d1ac9338744f61a02 -> 
  custom:video-encoder-webm-vp8: eb34c28f22e8b96e1ab97ce403110664 -> 
  custom:video-codec-MediaFoundation-h265: 746d11721c4dcdbdad8f713fa42b33f4 -> 
  custom:audio-encoder-webm-vorbis: bf7c407c2cedff20999df2af8eb42d56 -> 
  custom:framework-win-MediaFoundation: 216162199b28c13a410421893ffa2e32 -> 
  custom:container-demuxer-ogg: 62fdf1f143b41e24485cea50d1cbac27 -> 
  custom:video-decoder-webm-vp8: 9c59270c3fd7afecdb556c50c9e8de78 -> 
  custom:audio-decoder-ogg-vorbis: bf7c407c2cedff20999df2af8eb42d56 -> 
========================================================================
Received Prepare
Registering precompiled user dll's ...
Registered in 0.008441 seconds.
Begin MonoManager ReloadAssembly
Native extension for WindowsStandalone target not found
Native extension for OSXStandalone target not found
Native extension for WebGL target not found
Refreshing native plugins compatible for Editor in 0.99 ms, found 3 plugins.
Preloading 0 native plugins for Editor in 0.00 ms.
Mono: successfully reloaded assembly
- Completed reload, in  1.701 seconds
Domain Reload Profiling:
	ReloadAssembly (1702ms)
		BeginReloadAssembly (205ms)
			ExecutionOrderSort (0ms)
			DisableScriptedObjects (12ms)
			BackupInstance (0ms)
			ReleaseScriptingObjects (0ms)
			CreateAndSetChildDomain (58ms)
		EndReloadAssembly (1311ms)
			LoadAssemblies (129ms)
			RebuildTransferFunctionScriptingTraits (0ms)
			SetupTypeCache (476ms)
			ReleaseScriptCaches (3ms)
			RebuildScriptCaches (73ms)
			SetupLoadedEditorAssemblies (535ms)
				LogAssemblyErrors (0ms)
				InitializePlatformSupportModulesInManaged (39ms)
				SetLoadedEditorAssemblies (1ms)
				RefreshPlugins (1ms)
				BeforeProcessingInitializeOnLoad (139ms)
				ProcessInitializeOnLoadAttributes (314ms)
				ProcessInitializeOnLoadMethodAttributes (34ms)
				AfterProcessingInitializeOnLoad (7ms)
				EditorAssembliesLoaded (0ms)
			ExecutionOrderSort2 (0ms)
			AwakeInstancesAfterBackupRestoration (16ms)
Platform modules already initialized, skipping
Refreshing native plugins compatible for Editor in 0.79 ms, found 3 plugins.
Preloading 0 native plugins for Editor in 0.00 ms.
Unloading 3195 Unused Serialized files (Serialized files now loaded: 0)
Unloading 30 unused Assets / (1.2 MB). Loaded Objects now: 3830.
Memory consumption went from 136.5 MB to 135.3 MB.
Total: 3.016000 ms (FindLiveObjects: 0.284900 ms CreateObjectMapping: 0.154600 ms MarkObjects: 2.297400 ms  DeleteObjects: 0.277400 ms)

AssetImportParameters requested are different than current active one (requested -> active):
  custom:video-decoder-ogg-theora: a1e56fd34408186e4bbccfd4996cb3dc -> 
  custom:container-muxer-webm: aa71ff27fc2769a1b78a27578f13a17b -> 
  custom:container-demuxer-webm: 4f35f7cbe854078d1ac9338744f61a02 -> 
  custom:video-encoder-webm-vp8: eb34c28f22e8b96e1ab97ce403110664 -> 
  custom:video-codec-MediaFoundation-h265: 746d11721c4dcdbdad8f713fa42b33f4 -> 
  custom:audio-encoder-webm-vorbis: bf7c407c2cedff20999df2af8eb42d56 -> 
  custom:framework-win-MediaFoundation: 216162199b28c13a410421893ffa2e32 -> 
  custom:container-demuxer-ogg: 62fdf1f143b41e24485cea50d1cbac27 -> 
  custom:video-decoder-webm-vp8: 9c59270c3fd7afecdb556c50c9e8de78 -> 
  custom:audio-decoder-ogg-vorbis: bf7c407c2cedff20999df2af8eb42d56 -> 
========================================================================
Received Prepare
Registering precompiled user dll's ...
Registered in 0.007826 seconds.
Begin MonoManager ReloadAssembly
Native extension for WindowsStandalone target not found
Native extension for OSXStandalone target not found
Native extension for WebGL target not found
Refreshing native plugins compatible for Editor in 0.92 ms, found 3 plugins.
Preloading 0 native plugins for Editor in 0.00 ms.
Mono: successfully reloaded assembly
- Completed reload, in  1.448 seconds
Domain Reload Profiling:
	ReloadAssembly (1449ms)
		BeginReloadAssembly (154ms)
			ExecutionOrderSort (0ms)
			DisableScriptedObjects (7ms)
			BackupInstance (0ms)
			ReleaseScriptingObjects (0ms)
			CreateAndSetChildDomain (33ms)
		EndReloadAssembly (1168ms)
			LoadAssemblies (94ms)
			RebuildTransferFunctionScriptingTraits (0ms)
			SetupTypeCache (338ms)
			ReleaseScriptCaches (2ms)
			RebuildScriptCaches (63ms)
			SetupLoadedEditorAssemblies (574ms)
				LogAssemblyErrors (0ms)
				InitializePlatformSupportModulesInManaged (27ms)
				SetLoadedEditorAssemblies (1ms)
				RefreshPlugins (1ms)
				BeforeProcessingInitializeOnLoad (93ms)
				ProcessInitializeOnLoadAttributes (407ms)
				ProcessInitializeOnLoadMethodAttributes (36ms)
				AfterProcessingInitializeOnLoad (9ms)
				EditorAssembliesLoaded (0ms)
			ExecutionOrderSort2 (0ms)
			AwakeInstancesAfterBackupRestoration (19ms)
Platform modules already initialized, skipping
Refreshing native plugins compatible for Editor in 1.21 ms, found 3 plugins.
Preloading 0 native plugins for Editor in 0.00 ms.
Unloading 3195 Unused Serialized files (Serialized files now loaded: 0)
Unloading 30 unused Assets / (1.2 MB). Loaded Objects now: 3832.
Memory consumption went from 136.5 MB to 135.3 MB.
Total: 4.166700 ms (FindLiveObjects: 0.340500 ms CreateObjectMapping: 0.268700 ms MarkObjects: 3.371800 ms  DeleteObjects: 0.184100 ms)

AssetImportParameters requested are different than current active one (requested -> active):
  custom:video-decoder-ogg-theora: a1e56fd34408186e4bbccfd4996cb3dc -> 
  custom:container-muxer-webm: aa71ff27fc2769a1b78a27578f13a17b -> 
  custom:container-demuxer-webm: 4f35f7cbe854078d1ac9338744f61a02 -> 
  custom:video-encoder-webm-vp8: eb34c28f22e8b96e1ab97ce403110664 -> 
  custom:video-codec-MediaFoundation-h265: 746d11721c4dcdbdad8f713fa42b33f4 -> 
  custom:audio-encoder-webm-vorbis: bf7c407c2cedff20999df2af8eb42d56 -> 
  custom:framework-win-MediaFoundation: 216162199b28c13a410421893ffa2e32 -> 
  custom:container-demuxer-ogg: 62fdf1f143b41e24485cea50d1cbac27 -> 
  custom:video-decoder-webm-vp8: 9c59270c3fd7afecdb556c50c9e8de78 -> 
  custom:audio-decoder-ogg-vorbis: bf7c407c2cedff20999df2af8eb42d56 -> 
========================================================================
Received Prepare
Registering precompiled user dll's ...
Registered in 0.007556 seconds.
Begin MonoManager ReloadAssembly
Native extension for WindowsStandalone target not found
Native extension for OSXStandalone target not found
Native extension for WebGL target not found
Refreshing native plugins compatible for Editor in 0.85 ms, found 3 plugins.
Preloading 0 native plugins for Editor in 0.00 ms.
Mono: successfully reloaded assembly
- Completed reload, in  1.521 seconds
Domain Reload Profiling:
	ReloadAssembly (1522ms)
		BeginReloadAssembly (170ms)
			ExecutionOrderSort (0ms)
			DisableScriptedObjects (11ms)
			BackupInstance (0ms)
			ReleaseScriptingObjects (0ms)
			CreateAndSetChildDomain (46ms)
		EndReloadAssembly (1185ms)
			LoadAssemblies (106ms)
			RebuildTransferFunctionScriptingTraits (0ms)
			SetupTypeCache (356ms)
			ReleaseScriptCaches (2ms)
			RebuildScriptCaches (72ms)
			SetupLoadedEditorAssemblies (546ms)
				LogAssemblyErrors (0ms)
				InitializePlatformSupportModulesInManaged (23ms)
				SetLoadedEditorAssemblies (1ms)
				RefreshPlugins (1ms)
				BeforeProcessingInitializeOnLoad (91ms)
				ProcessInitializeOnLoadAttributes (369ms)
				ProcessInitializeOnLoadMethodAttributes (49ms)
				AfterProcessingInitializeOnLoad (12ms)
				EditorAssembliesLoaded (0ms)
			ExecutionOrderSort2 (0ms)
			AwakeInstancesAfterBackupRestoration (16ms)
Platform modules already initialized, skipping
Refreshing native plugins compatible for Editor in 0.64 ms, found 3 plugins.
Preloading 0 native plugins for Editor in 0.00 ms.
Unloading 3195 Unused Serialized files (Serialized files now loaded: 0)
Unloading 30 unused Assets / (1.2 MB). Loaded Objects now: 3834.
Memory consumption went from 136.5 MB to 135.3 MB.
Total: 3.192100 ms (FindLiveObjects: 0.279600 ms CreateObjectMapping: 0.150600 ms MarkObjects: 2.588600 ms  DeleteObjects: 0.171700 ms)

AssetImportParameters requested are different than current active one (requested -> active):
  custom:video-decoder-ogg-theora: a1e56fd34408186e4bbccfd4996cb3dc -> 
  custom:container-muxer-webm: aa71ff27fc2769a1b78a27578f13a17b -> 
  custom:container-demuxer-webm: 4f35f7cbe854078d1ac9338744f61a02 -> 
  custom:video-encoder-webm-vp8: eb34c28f22e8b96e1ab97ce403110664 -> 
  custom:video-codec-MediaFoundation-h265: 746d11721c4dcdbdad8f713fa42b33f4 -> 
  custom:audio-encoder-webm-vorbis: bf7c407c2cedff20999df2af8eb42d56 -> 
  custom:framework-win-MediaFoundation: 216162199b28c13a410421893ffa2e32 -> 
  custom:container-demuxer-ogg: 62fdf1f143b41e24485cea50d1cbac27 -> 
  custom:video-decoder-webm-vp8: 9c59270c3fd7afecdb556c50c9e8de78 -> 
  custom:audio-decoder-ogg-vorbis: bf7c407c2cedff20999df2af8eb42d56 -> 
========================================================================
Received Prepare
Registering precompiled user dll's ...
Registered in 0.019858 seconds.
Begin MonoManager ReloadAssembly
Native extension for WindowsStandalone target not found
Native extension for OSXStandalone target not found
Native extension for WebGL target not found
Refreshing native plugins compatible for Editor in 1.19 ms, found 3 plugins.
Preloading 0 native plugins for Editor in 0.00 ms.
Mono: successfully reloaded assembly
- Completed reload, in  4.005 seconds
Domain Reload Profiling:
	ReloadAssembly (4014ms)
		BeginReloadAssembly (755ms)
			ExecutionOrderSort (0ms)
			DisableScriptedObjects (120ms)
			BackupInstance (0ms)
			ReleaseScriptingObjects (1ms)
			CreateAndSetChildDomain (253ms)
		EndReloadAssembly (2840ms)
			LoadAssemblies (316ms)
			RebuildTransferFunctionScriptingTraits (0ms)
			SetupTypeCache (887ms)
			ReleaseScriptCaches (4ms)
			RebuildScriptCaches (122ms)
			SetupLoadedEditorAssemblies (1339ms)
				LogAssemblyErrors (0ms)
				InitializePlatformSupportModulesInManaged (55ms)
				SetLoadedEditorAssemblies (1ms)
				RefreshPlugins (1ms)
				BeforeProcessingInitializeOnLoad (233ms)
				ProcessInitializeOnLoadAttributes (910ms)
				ProcessInitializeOnLoadMethodAttributes (111ms)
				AfterProcessingInitializeOnLoad (27ms)
				EditorAssembliesLoaded (0ms)
			ExecutionOrderSort2 (0ms)
			AwakeInstancesAfterBackupRestoration (65ms)
Platform modules already initialized, skipping
Refreshing native plugins compatible for Editor in 2.00 ms, found 3 plugins.
Preloading 0 native plugins for Editor in 0.00 ms.
Unloading 3195 Unused Serialized files (Serialized files now loaded: 0)
Unloading 30 unused Assets / (1.2 MB). Loaded Objects now: 3836.
Memory consumption went from 136.6 MB to 135.3 MB.
Total: 12.456700 ms (FindLiveObjects: 1.186300 ms CreateObjectMapping: 0.460500 ms MarkObjects: 10.443500 ms  DeleteObjects: 0.362300 ms)

AssetImportParameters requested are different than current active one (requested -> active):
  custom:video-decoder-ogg-theora: a1e56fd34408186e4bbccfd4996cb3dc -> 
  custom:container-muxer-webm: aa71ff27fc2769a1b78a27578f13a17b -> 
  custom:container-demuxer-webm: 4f35f7cbe854078d1ac9338744f61a02 -> 
  custom:video-encoder-webm-vp8: eb34c28f22e8b96e1ab97ce403110664 -> 
  custom:video-codec-MediaFoundation-h265: 746d11721c4dcdbdad8f713fa42b33f4 -> 
  custom:audio-encoder-webm-vorbis: bf7c407c2cedff20999df2af8eb42d56 -> 
  custom:framework-win-MediaFoundation: 216162199b28c13a410421893ffa2e32 -> 
  custom:container-demuxer-ogg: 62fdf1f143b41e24485cea50d1cbac27 -> 
  custom:video-decoder-webm-vp8: 9c59270c3fd7afecdb556c50c9e8de78 -> 
  custom:audio-decoder-ogg-vorbis: bf7c407c2cedff20999df2af8eb42d56 -> 
========================================================================
Received Prepare
Registering precompiled user dll's ...
Registered in 0.011855 seconds.
Begin MonoManager ReloadAssembly
Native extension for WindowsStandalone target not found
Native extension for OSXStandalone target not found
Native extension for WebGL target not found
Refreshing native plugins compatible for Editor in 0.72 ms, found 3 plugins.
Preloading 0 native plugins for Editor in 0.00 ms.
Mono: successfully reloaded assembly
- Completed reload, in  2.110 seconds
Domain Reload Profiling:
	ReloadAssembly (2112ms)
		BeginReloadAssembly (240ms)
			ExecutionOrderSort (0ms)
			DisableScriptedObjects (18ms)
			BackupInstance (0ms)
			ReleaseScriptingObjects (0ms)
			CreateAndSetChildDomain (60ms)
		EndReloadAssembly (1634ms)
			LoadAssemblies (151ms)
			RebuildTransferFunctionScriptingTraits (0ms)
			SetupTypeCache (539ms)
			ReleaseScriptCaches (3ms)
			RebuildScriptCaches (101ms)
			SetupLoadedEditorAssemblies (696ms)
				LogAssemblyErrors (0ms)
				InitializePlatformSupportModulesInManaged (39ms)
				SetLoadedEditorAssemblies (1ms)
				RefreshPlugins (1ms)
				BeforeProcessingInitializeOnLoad (117ms)
				ProcessInitializeOnLoadAttributes (475ms)
				ProcessInitializeOnLoadMethodAttributes (48ms)
				AfterProcessingInitializeOnLoad (16ms)
				EditorAssembliesLoaded (0ms)
			ExecutionOrderSort2 (0ms)
			AwakeInstancesAfterBackupRestoration (30ms)
Platform modules already initialized, skipping
Refreshing native plugins compatible for Editor in 1.02 ms, found 3 plugins.
Preloading 0 native plugins for Editor in 0.00 ms.
Unloading 3195 Unused Serialized files (Serialized files now loaded: 0)
Unloading 30 unused Assets / (1.2 MB). Loaded Objects now: 3838.
Memory consumption went from 136.6 MB to 135.3 MB.
Total: 6.091200 ms (FindLiveObjects: 0.568300 ms CreateObjectMapping: 0.413400 ms MarkObjects: 4.785900 ms  DeleteObjects: 0.294200 ms)

AssetImportParameters requested are different than current active one (requested -> active):
  custom:video-decoder-ogg-theora: a1e56fd34408186e4bbccfd4996cb3dc -> 
  custom:container-muxer-webm: aa71ff27fc2769a1b78a27578f13a17b -> 
  custom:container-demuxer-webm: 4f35f7cbe854078d1ac9338744f61a02 -> 
  custom:video-encoder-webm-vp8: eb34c28f22e8b96e1ab97ce403110664 -> 
  custom:video-codec-MediaFoundation-h265: 746d11721c4dcdbdad8f713fa42b33f4 -> 
  custom:audio-encoder-webm-vorbis: bf7c407c2cedff20999df2af8eb42d56 -> 
  custom:framework-win-MediaFoundation: 216162199b28c13a410421893ffa2e32 -> 
  custom:container-demuxer-ogg: 62fdf1f143b41e24485cea50d1cbac27 -> 
  custom:video-decoder-webm-vp8: 9c59270c3fd7afecdb556c50c9e8de78 -> 
  custom:audio-decoder-ogg-vorbis: bf7c407c2cedff20999df2af8eb42d56 -> 
========================================================================
Received Import Request.
  Time since last request: 44316.884366 seconds.
  path: Assets/TirgamesAssets/ModernGalleryPBR/Textures/Ceiling.png
  artifactKey: Guid(1dad2f1f33ca7dc40874a44daf51faa0) Importer(815301076,1909f56bfc062723c751e8b465ee728b)
Start importing Assets/TirgamesAssets/ModernGalleryPBR/Textures/Ceiling.png using Guid(1dad2f1f33ca7dc40874a44daf51faa0) Importer(815301076,1909f56bfc062723c751e8b465ee728b)  -> (artifact id: '53cdc400c1222a60e74e75d3c6a493e5') in 0.283062 seconds 
========================================================================
Received Import Request.
  Time since last request: 0.000083 seconds.
  path: Assets/TirgamesAssets/ModernGalleryPBR/Textures/Ceramic01.png
  artifactKey: Guid(d04d5fb9e39451b44b1ffbc4d785244f) Importer(815301076,1909f56bfc062723c751e8b465ee728b)
Start importing Assets/TirgamesAssets/ModernGalleryPBR/Textures/Ceramic01.png using Guid(d04d5fb9e39451b44b1ffbc4d785244f) Importer(815301076,1909f56bfc062723c751e8b465ee728b)  -> (artifact id: '8f51ec15cad66d01e1f1affed258adcf') in 0.037991 seconds 
========================================================================
Received Import Request.
  Time since last request: 0.000039 seconds.
  path: Assets/TirgamesAssets/ModernGalleryPBR/Textures/Ceramic01_NM.png
  artifactKey: Guid(3157a9b5d4e7e4b4a8b92fe7288d60c8) Importer(815301076,1909f56bfc062723c751e8b465ee728b)
Start importing Assets/TirgamesAssets/ModernGalleryPBR/Textures/Ceramic01_NM.png using Guid(3157a9b5d4e7e4b4a8b92fe7288d60c8) Importer(815301076,1909f56bfc062723c751e8b465ee728b)  -> (artifact id: 'd219aefe68a303a2c50ef140d4e84496') in 0.083183 seconds 
========================================================================
Received Import Request.
  Time since last request: 2.002251 seconds.
  path: Assets/TirgamesAssets/ModernGalleryPBR/Textures/Ceramic02.png
  artifactKey: Guid(9e59562fe48c8344db6c08f898271025) Importer(815301076,1909f56bfc062723c751e8b465ee728b)
Start importing Assets/TirgamesAssets/ModernGalleryPBR/Textures/Ceramic02.png using Guid(9e59562fe48c8344db6c08f898271025) Importer(815301076,1909f56bfc062723c751e8b465ee728b)  -> (artifact id: 'af5af6aeab3bdd7a4efc6f175804f3e1') in 0.073427 seconds 
========================================================================
Received Import Request.
  Time since last request: 0.676052 seconds.
  path: Assets/TirgamesAssets/ModernGalleryPBR/Textures/Ceramic02_NM.png
  artifactKey: Guid(8672fa8c7688ad142b1b495ac0ebb5de) Importer(815301076,1909f56bfc062723c751e8b465ee728b)
Start importing Assets/TirgamesAssets/ModernGalleryPBR/Textures/Ceramic02_NM.png using Guid(8672fa8c7688ad142b1b495ac0ebb5de) Importer(815301076,1909f56bfc062723c751e8b465ee728b)  -> (artifact id: 'd2b848b6fdbe6a5445d23537233d666e') in 0.075577 seconds 
========================================================================
Received Import Request.
  Time since last request: 0.000044 seconds.
  path: Assets/TirgamesAssets/ModernGalleryPBR/Textures/Ceramic03_Metallic.png
  artifactKey: Guid(3aa034756dc5250409058fb13f98fb0c) Importer(815301076,1909f56bfc062723c751e8b465ee728b)
Start importing Assets/TirgamesAssets/ModernGalleryPBR/Textures/Ceramic03_Metallic.png using Guid(3aa034756dc5250409058fb13f98fb0c) Importer(815301076,1909f56bfc062723c751e8b465ee728b)  -> (artifact id: '5bbc6a16d17895c018748895eb86a0c0') in 0.051229 seconds 
========================================================================
Received Import Request.
  Time since last request: 0.243278 seconds.
  path: Assets/TirgamesAssets/ModernGalleryPBR/Textures/Ceramic04.png
  artifactKey: Guid(ee09bb31ed0a1bc4286c21170b2ff7bd) Importer(815301076,1909f56bfc062723c751e8b465ee728b)
Start importing Assets/TirgamesAssets/ModernGalleryPBR/Textures/Ceramic04.png using Guid(ee09bb31ed0a1bc4286c21170b2ff7bd) Importer(815301076,1909f56bfc062723c751e8b465ee728b)  -> (artifact id: 'a037a43cdce637c180333e952d4c0c90') in 0.045455 seconds 
========================================================================
Received Import Request.
  Time since last request: 0.460677 seconds.
  path: Assets/TirgamesAssets/ModernGalleryPBR/Textures/Ceramic04_NM.png
  artifactKey: Guid(ac28f4f03db55ce4581be458aa0e7b6d) Importer(815301076,1909f56bfc062723c751e8b465ee728b)
Start importing Assets/TirgamesAssets/ModernGalleryPBR/Textures/Ceramic04_NM.png using Guid(ac28f4f03db55ce4581be458aa0e7b6d) Importer(815301076,1909f56bfc062723c751e8b465ee728b)  -> (artifact id: '15da02cceb12e070af404a53a85b2a4e') in 0.084021 seconds 
========================================================================
Received Import Request.
  Time since last request: 0.000034 seconds.
  path: Assets/TirgamesAssets/ModernGalleryPBR/Textures/Chrome_Metallic.png
  artifactKey: Guid(ca9b32b49cc71a14c8eb3a425018ffba) Importer(815301076,1909f56bfc062723c751e8b465ee728b)
Start importing Assets/TirgamesAssets/ModernGalleryPBR/Textures/Chrome_Metallic.png using Guid(ca9b32b49cc71a14c8eb3a425018ffba) Importer(815301076,1909f56bfc062723c751e8b465ee728b)  -> (artifact id: '32c76089faf98807ab99df882dc3dcf5') in 0.067665 seconds 
========================================================================
Received Import Request.
  Time since last request: 0.585137 seconds.
  path: Assets/TirgamesAssets/ModernGalleryPBR/Textures/Door.png
  artifactKey: Guid(3f20322e8bdc3444f86fe90df7f718b2) Importer(815301076,1909f56bfc062723c751e8b465ee728b)
Start importing Assets/TirgamesAssets/ModernGalleryPBR/Textures/Door.png using Guid(3f20322e8bdc3444f86fe90df7f718b2) Importer(815301076,1909f56bfc062723c751e8b465ee728b)  -> (artifact id: 'aa8a72b90b5cae783b1dee5bf8978054') in 0.084668 seconds 
========================================================================
Received Import Request.
  Time since last request: 0.000044 seconds.
  path: Assets/TirgamesAssets/TGEnvironment/Ground/Textures/EnvGroundGrass01.png
  artifactKey: Guid(b41946e23c2eed743a7e3c09c862f036) Importer(815301076,1909f56bfc062723c751e8b465ee728b)
Start importing Assets/TirgamesAssets/TGEnvironment/Ground/Textures/EnvGroundGrass01.png using Guid(b41946e23c2eed743a7e3c09c862f036) Importer(815301076,1909f56bfc062723c751e8b465ee728b)  -> (artifact id: '861e96a9bb82ee3ebd2c0302553a258b') in 0.042700 seconds 
========================================================================
Received Import Request.
  Time since last request: 0.234555 seconds.
  path: Assets/TirgamesAssets/TGEnvironment/Ground/Textures/EnvGroundGrass01_Metallic.png
  artifactKey: Guid(c1ae0b14b7c87c441ad02fa856a373e8) Importer(815301076,1909f56bfc062723c751e8b465ee728b)
Start importing Assets/TirgamesAssets/TGEnvironment/Ground/Textures/EnvGroundGrass01_Metallic.png using Guid(c1ae0b14b7c87c441ad02fa856a373e8) Importer(815301076,1909f56bfc062723c751e8b465ee728b)  -> (artifact id: 'bd8cd4d91e8cba4b6d5bf7b1d5575908') in 0.068216 seconds 
========================================================================
Received Import Request.
  Time since last request: 0.882112 seconds.
  path: Assets/TirgamesAssets/ModernGalleryPBR/Textures/FloorLinoleum_Metallic.png
  artifactKey: Guid(2b59fccadf021d44ca790119f3cc2e18) Importer(815301076,1909f56bfc062723c751e8b465ee728b)
Start importing Assets/TirgamesAssets/ModernGalleryPBR/Textures/FloorLinoleum_Metallic.png using Guid(2b59fccadf021d44ca790119f3cc2e18) Importer(815301076,1909f56bfc062723c751e8b465ee728b)  -> (artifact id: '30bb85e9626af2df58fb847b114b0cf0') in 0.060633 seconds 
========================================================================
Received Import Request.
  Time since last request: 0.000060 seconds.
  path: Assets/TirgamesAssets/ModernGalleryPBR/Textures/Foliage01_Metallic.png
  artifactKey: Guid(ed92362c9867f2142ad65c73f538658a) Importer(815301076,1909f56bfc062723c751e8b465ee728b)
Start importing Assets/TirgamesAssets/ModernGalleryPBR/Textures/Foliage01_Metallic.png using Guid(ed92362c9867f2142ad65c73f538658a) Importer(815301076,1909f56bfc062723c751e8b465ee728b)  -> (artifact id: '3e4cbc22063220a5d15c4df627d958c9') in 0.032004 seconds 
========================================================================
Received Import Request.
  Time since last request: 0.333334 seconds.
  path: Assets/TirgamesAssets/ModernGalleryPBR/Textures/Foliage01_NM.png
  artifactKey: Guid(c166c3bf8a2f8344da173a4ca2054f81) Importer(815301076,1909f56bfc062723c751e8b465ee728b)
Start importing Assets/TirgamesAssets/ModernGalleryPBR/Textures/Foliage01_NM.png using Guid(c166c3bf8a2f8344da173a4ca2054f81) Importer(815301076,1909f56bfc062723c751e8b465ee728b)  -> (artifact id: 'b7202a89bf8e1c7bf6c2ac7d4c279a60') in 0.059592 seconds 
========================================================================
Received Import Request.
  Time since last request: 0.740581 seconds.
  path: Assets/TirgamesAssets/ModernGalleryPBR/Textures/Glass.png
  artifactKey: Guid(607f59465799e4a489af311d622eb65f) Importer(815301076,1909f56bfc062723c751e8b465ee728b)
Start importing Assets/TirgamesAssets/ModernGalleryPBR/Textures/Glass.png using Guid(607f59465799e4a489af311d622eb65f) Importer(815301076,1909f56bfc062723c751e8b465ee728b)  -> (artifact id: '19ba430cafc49c368b2718f5621f5308') in 0.028838 seconds 
========================================================================
Received Import Request.
  Time since last request: 0.249368 seconds.
  path: Assets/TirgamesAssets/ModernGalleryPBR/Textures/Gravel.png
  artifactKey: Guid(800628f4e794ce342863c3c57d6bcf0f) Importer(815301076,1909f56bfc062723c751e8b465ee728b)
Start importing Assets/TirgamesAssets/ModernGalleryPBR/Textures/Gravel.png using Guid(800628f4e794ce342863c3c57d6bcf0f) Importer(815301076,1909f56bfc062723c751e8b465ee728b)  -> (artifact id: '81344f08492e2bedc8a8f9fd9fd04564') in 0.064048 seconds 
========================================================================
Received Import Request.
  Time since last request: 0.627143 seconds.
  path: Assets/TirgamesAssets/ModernGalleryPBR/Textures/Gravel_Metallic.png
  artifactKey: Guid(9b4c8a0b7c23b0a49beae6000f4dfc00) Importer(815301076,1909f56bfc062723c751e8b465ee728b)
Start importing Assets/TirgamesAssets/ModernGalleryPBR/Textures/Gravel_Metallic.png using Guid(9b4c8a0b7c23b0a49beae6000f4dfc00) Importer(815301076,1909f56bfc062723c751e8b465ee728b)  -> (artifact id: '2f5ac2d261f48c0994192718e5503986') in 0.072568 seconds 
========================================================================
Received Import Request.
  Time since last request: 0.159068 seconds.
  path: Assets/TirgamesAssets/TGEnvironment/Vegetation/Textures/Hedge01.png
  artifactKey: Guid(3125b5c1882b5d64db9899370d95846b) Importer(815301076,1909f56bfc062723c751e8b465ee728b)
Start importing Assets/TirgamesAssets/TGEnvironment/Vegetation/Textures/Hedge01.png using Guid(3125b5c1882b5d64db9899370d95846b) Importer(815301076,1909f56bfc062723c751e8b465ee728b)  -> (artifact id: 'ced91687e7fe967c685fa3997dfa2b26') in 0.054250 seconds 
========================================================================
Received Import Request.
  Time since last request: 0.513930 seconds.
  path: Assets/TirgamesAssets/TGEnvironment/Vegetation/Textures/Hedge01_Height.png
  artifactKey: Guid(a9505475bf4ab824f879164225129864) Importer(815301076,1909f56bfc062723c751e8b465ee728b)
Start importing Assets/TirgamesAssets/TGEnvironment/Vegetation/Textures/Hedge01_Height.png using Guid(a9505475bf4ab824f879164225129864) Importer(815301076,1909f56bfc062723c751e8b465ee728b)  -> (artifact id: '134816b1227c7514c25a043a62b2e7b2') in 0.067882 seconds 
========================================================================
Received Import Request.
  Time since last request: 0.231235 seconds.
  path: Assets/TirgamesAssets/ModernGalleryPBR/Textures/Leaf.png
  artifactKey: Guid(6047a58182ac3df4eb3961fbef0fc71e) Importer(815301076,1909f56bfc062723c751e8b465ee728b)
Start importing Assets/TirgamesAssets/ModernGalleryPBR/Textures/Leaf.png using Guid(6047a58182ac3df4eb3961fbef0fc71e) Importer(815301076,1909f56bfc062723c751e8b465ee728b)  -> (artifact id: '785e22bce931560884f6671a523f5126') in 0.058183 seconds 
========================================================================
Received Import Request.
  Time since last request: 0.489181 seconds.
  path: Assets/TirgamesAssets/ModernGalleryPBR/Textures/Leaf_NM.png
  artifactKey: Guid(4c15bfc798ed4c940917bce83b7e3fd3) Importer(815301076,1909f56bfc062723c751e8b465ee728b)
Start importing Assets/TirgamesAssets/ModernGalleryPBR/Textures/Leaf_NM.png using Guid(4c15bfc798ed4c940917bce83b7e3fd3) Importer(815301076,1909f56bfc062723c751e8b465ee728b)  -> (artifact id: '8249edbde1b78b80308b8e8bd9a213fb') in 0.071628 seconds 
========================================================================
Received Import Request.
  Time since last request: 0.259783 seconds.
  path: Assets/TirgamesAssets/ModernGalleryPBR/Scenes/ModernGallery_Night/Lightmap-0_comp_dir.png
  artifactKey: Guid(4680968e18af76c4f9c2d85fa80768e7) Importer(815301076,1909f56bfc062723c751e8b465ee728b)
Start importing Assets/TirgamesAssets/ModernGalleryPBR/Scenes/ModernGallery_Night/Lightmap-0_comp_dir.png using Guid(4680968e18af76c4f9c2d85fa80768e7) Importer(815301076,1909f56bfc062723c751e8b465ee728b)  -> (artifact id: 'e6075fa0f785775f702e0ee101465865') in 0.044565 seconds 
========================================================================
Received Import Request.
  Time since last request: 0.362563 seconds.
  path: Assets/TirgamesAssets/ModernGalleryPBR/Scenes/ModernGallery_Day/Lightmap-0_comp_light.exr
  artifactKey: Guid(ebef4b1c0158c8d40ae3f5ec5bd8cc3f) Importer(815301076,1909f56bfc062723c751e8b465ee728b)
Start importing Assets/TirgamesAssets/ModernGalleryPBR/Scenes/ModernGallery_Day/Lightmap-0_comp_light.exr using Guid(ebef4b1c0158c8d40ae3f5ec5bd8cc3f) Importer(815301076,1909f56bfc062723c751e8b465ee728b)  -> (artifact id: 'fbf786c158c3d2e56f9af23f00eeb432') in 0.112017 seconds 
========================================================================
Received Import Request.
  Time since last request: 0.143504 seconds.
  path: Assets/TirgamesAssets/ModernGalleryPBR/Scenes/ModernGallery_Night/Lightmap-1_comp_dir.png
  artifactKey: Guid(6889dd951d8d9934eae59435f6f6e72e) Importer(815301076,1909f56bfc062723c751e8b465ee728b)
Start importing Assets/TirgamesAssets/ModernGalleryPBR/Scenes/ModernGallery_Night/Lightmap-1_comp_dir.png using Guid(6889dd951d8d9934eae59435f6f6e72e) Importer(815301076,1909f56bfc062723c751e8b465ee728b)  -> (artifact id: 'e2f7b00f0d07e4bc64dfb3f269418192') in 0.055546 seconds 
========================================================================
Received Import Request.
  Time since last request: 0.567223 seconds.
  path: Assets/TirgamesAssets/ModernGalleryPBR/Scenes/ModernGallery_Night/Lightmap-1_comp_light.exr
  artifactKey: Guid(8ec152ba54a232a44b6cb5b8328726cb) Importer(815301076,1909f56bfc062723c751e8b465ee728b)
Start importing Assets/TirgamesAssets/ModernGalleryPBR/Scenes/ModernGallery_Night/Lightmap-1_comp_light.exr using Guid(8ec152ba54a232a44b6cb5b8328726cb) Importer(815301076,1909f56bfc062723c751e8b465ee728b)  -> (artifact id: 'c4dd030f546a3b8cc6f397676f088b6c') in 0.077885 seconds 
========================================================================
Received Import Request.
  Time since last request: 0.354978 seconds.
  path: Assets/TirgamesAssets/ModernGalleryPBR/Scenes/ModernGallery_Day/Lightmap-2_comp_dir.png
  artifactKey: Guid(1cd48334c830664489b0023870b24045) Importer(815301076,1909f56bfc062723c751e8b465ee728b)
Start importing Assets/TirgamesAssets/ModernGalleryPBR/Scenes/ModernGallery_Day/Lightmap-2_comp_dir.png using Guid(1cd48334c830664489b0023870b24045) Importer(815301076,1909f56bfc062723c751e8b465ee728b)  -> (artifact id: 'e01de644ba5ae62c6e595347829d0a81') in 0.066280 seconds 
========================================================================
Received Import Request.
  Time since last request: 0.000049 seconds.
  path: Assets/TirgamesAssets/ModernGalleryPBR/Scenes/ModernGallery_Day/Lightmap-2_comp_light.exr
  artifactKey: Guid(b9a2b0ee659ba364db93f294fddd4443) Importer(815301076,1909f56bfc062723c751e8b465ee728b)
Start importing Assets/TirgamesAssets/ModernGalleryPBR/Scenes/ModernGallery_Day/Lightmap-2_comp_light.exr using Guid(b9a2b0ee659ba364db93f294fddd4443) Importer(815301076,1909f56bfc062723c751e8b465ee728b)  -> (artifact id: '455c112ee249b0b40dd4ca7eb9c40e37') in 0.043236 seconds 
========================================================================
Received Import Request.
  Time since last request: 0.388960 seconds.
  path: Assets/TirgamesAssets/ModernGalleryPBR/Scenes/ModernGallery_Day/Lightmap-3_comp_dir.png
  artifactKey: Guid(997fce9b182a21f40b27a43007118a40) Importer(815301076,1909f56bfc062723c751e8b465ee728b)
Start importing Assets/TirgamesAssets/ModernGalleryPBR/Scenes/ModernGallery_Day/Lightmap-3_comp_dir.png using Guid(997fce9b182a21f40b27a43007118a40) Importer(815301076,1909f56bfc062723c751e8b465ee728b)  -> (artifact id: '95100fabb6b9366e70cad755c1a2e781') in 0.053908 seconds 
========================================================================
Received Import Request.
  Time since last request: 0.000651 seconds.
  path: Assets/TirgamesAssets/ModernGalleryPBR/Scenes/ModernGallery_Night/Lightmap-3_comp_light.exr
  artifactKey: Guid(d7ebbda6b6faf3649920a8945d9d8c6c) Importer(815301076,1909f56bfc062723c751e8b465ee728b)
Start importing Assets/TirgamesAssets/ModernGalleryPBR/Scenes/ModernGallery_Night/Lightmap-3_comp_light.exr using Guid(d7ebbda6b6faf3649920a8945d9d8c6c) Importer(815301076,1909f56bfc062723c751e8b465ee728b)  -> (artifact id: 'ab0dae26503564b996f440de8e8f6b25') in 0.037624 seconds 
========================================================================
Received Import Request.
  Time since last request: 0.613180 seconds.
  path: Assets/TirgamesAssets/ModernGalleryPBR/Textures/PaintGlossy.png
  artifactKey: Guid(5262e937b5df6814fa2fabab9f4002a5) Importer(815301076,1909f56bfc062723c751e8b465ee728b)
Start importing Assets/TirgamesAssets/ModernGalleryPBR/Textures/PaintGlossy.png using Guid(5262e937b5df6814fa2fabab9f4002a5) Importer(815301076,1909f56bfc062723c751e8b465ee728b)  -> (artifact id: '6b6fcdc5e3ad61197a99b2c17a600b69') in 0.062957 seconds 
========================================================================
Received Import Request.
  Time since last request: 0.240415 seconds.
  path: Assets/TirgamesAssets/ModernGalleryPBR/Textures/PaintMatte_Metallic.png
  artifactKey: Guid(e1669ac190fe31a4d8448dabc64eb888) Importer(815301076,1909f56bfc062723c751e8b465ee728b)
Start importing Assets/TirgamesAssets/ModernGalleryPBR/Textures/PaintMatte_Metallic.png using Guid(e1669ac190fe31a4d8448dabc64eb888) Importer(815301076,1909f56bfc062723c751e8b465ee728b)  -> (artifact id: 'bcb88f29a92265994107f829a996307e') in 0.040980 seconds 
========================================================================
Received Import Request.
  Time since last request: 0.000043 seconds.
  path: Assets/TirgamesAssets/ModernGalleryPBR/Textures/PaintMatteBlack.png
  artifactKey: Guid(726266d6a84e43449939ef763e777bd9) Importer(815301076,1909f56bfc062723c751e8b465ee728b)
Start importing Assets/TirgamesAssets/ModernGalleryPBR/Textures/PaintMatteBlack.png using Guid(726266d6a84e43449939ef763e777bd9) Importer(815301076,1909f56bfc062723c751e8b465ee728b)  -> (artifact id: 'aa82c4ab85d6e0fee646f31c14501e37') in 0.037313 seconds 
========================================================================
Received Import Request.
  Time since last request: 0.417941 seconds.
  path: Assets/TirgamesAssets/ModernGalleryPBR/Textures/PictureSample_Metallic.png
  artifactKey: Guid(aa8ee8b17a4472d4b9d8ed5e66cf57d0) Importer(815301076,1909f56bfc062723c751e8b465ee728b)
Start importing Assets/TirgamesAssets/ModernGalleryPBR/Textures/PictureSample_Metallic.png using Guid(aa8ee8b17a4472d4b9d8ed5e66cf57d0) Importer(815301076,1909f56bfc062723c751e8b465ee728b)  -> (artifact id: '433cb8a5530b36842bfdec4e7d50d8b5') in 0.066682 seconds 
========================================================================
Received Import Request.
  Time since last request: 0.134359 seconds.
  path: Assets/TirgamesAssets/ModernGalleryPBR/Scenes/ModernGallery_Night/ReflectionProbe-0.exr
  artifactKey: Guid(2ead979296f4f5346aa149f03b50413e) Importer(815301076,1909f56bfc062723c751e8b465ee728b)
Start importing Assets/TirgamesAssets/ModernGalleryPBR/Scenes/ModernGallery_Night/ReflectionProbe-0.exr using Guid(2ead979296f4f5346aa149f03b50413e) Importer(815301076,1909f56bfc062723c751e8b465ee728b)  -> (artifact id: '489e3be857abaf0b06ef4332dc94ed9b') in 0.129497 seconds 
========================================================================
Received Import Request.
  Time since last request: 0.000038 seconds.
  path: Assets/TirgamesAssets/ModernGalleryPBR/Scenes/ModernGallery_Day/ReflectionProbe-1.exr
  artifactKey: Guid(ebc232e317d54574baddc47aa40b883c) Importer(815301076,1909f56bfc062723c751e8b465ee728b)
Start importing Assets/TirgamesAssets/ModernGalleryPBR/Scenes/ModernGallery_Day/ReflectionProbe-1.exr using Guid(ebc232e317d54574baddc47aa40b883c) Importer(815301076,1909f56bfc062723c751e8b465ee728b)  -> (artifact id: '66f526a5813e5a7e0097d173eb2f0813') in 0.047941 seconds 
========================================================================
Received Import Request.
  Time since last request: 0.432972 seconds.
  path: Assets/TirgamesAssets/ModernGalleryPBR/Scenes/ModernGallery_Night/ReflectionProbe-2.exr
  artifactKey: Guid(264fae7c4c05d704590a7fce4ced8707) Importer(815301076,1909f56bfc062723c751e8b465ee728b)
Start importing Assets/TirgamesAssets/ModernGalleryPBR/Scenes/ModernGallery_Night/ReflectionProbe-2.exr using Guid(264fae7c4c05d704590a7fce4ced8707) Importer(815301076,1909f56bfc062723c751e8b465ee728b)  -> (artifact id: 'e58787c9758ebc08c1755d5286610cd1') in 0.083750 seconds 
========================================================================
Received Import Request.
  Time since last request: 0.339902 seconds.
  path: Assets/TirgamesAssets/TGEnvironment/Skyboxes/SkyBoxCity01_Day_Back.png
  artifactKey: Guid(b6d2c3eb7d76d15449ad34877e82048b) Importer(815301076,1909f56bfc062723c751e8b465ee728b)
Start importing Assets/TirgamesAssets/TGEnvironment/Skyboxes/SkyBoxCity01_Day_Back.png using Guid(b6d2c3eb7d76d15449ad34877e82048b) Importer(815301076,1909f56bfc062723c751e8b465ee728b)  -> (artifact id: '9cc8891f7457d3eb68540b965e9d88ea') in 0.053906 seconds 
========================================================================
Received Import Request.
  Time since last request: 0.804138 seconds.
  path: Assets/TirgamesAssets/TGEnvironment/Skyboxes/SkyBoxCity01_Day_Down.png
  artifactKey: Guid(4215daa4b9e87f64b860b1764f1602bb) Importer(815301076,1909f56bfc062723c751e8b465ee728b)
Start importing Assets/TirgamesAssets/TGEnvironment/Skyboxes/SkyBoxCity01_Day_Down.png using Guid(4215daa4b9e87f64b860b1764f1602bb) Importer(815301076,1909f56bfc062723c751e8b465ee728b)  -> (artifact id: 'e0f8d2096b108f0d356efe7f46df769b') in 0.080219 seconds 
========================================================================
Received Import Request.
  Time since last request: 0.334919 seconds.
  path: Assets/TirgamesAssets/TGEnvironment/Skyboxes/SkyBoxCity01_Day_Left.png
  artifactKey: Guid(99ae7df777a25cd48be9a0faed9befa5) Importer(815301076,1909f56bfc062723c751e8b465ee728b)
Start importing Assets/TirgamesAssets/TGEnvironment/Skyboxes/SkyBoxCity01_Day_Left.png using Guid(99ae7df777a25cd48be9a0faed9befa5) Importer(815301076,1909f56bfc062723c751e8b465ee728b)  -> (artifact id: '35a64fd5022e40adc5436451fc5c06d4') in 0.045111 seconds 
========================================================================
Received Import Request.
  Time since last request: 6.344597 seconds.
  path: Assets/TirgamesAssets/TGEnvironment/Skyboxes/SkyBoxCity01_Day_Up.png
  artifactKey: Guid(8890d6a3f2b07124a929c025fd8249e4) Importer(815301076,1909f56bfc062723c751e8b465ee728b)
Start importing Assets/TirgamesAssets/TGEnvironment/Skyboxes/SkyBoxCity01_Day_Up.png using Guid(8890d6a3f2b07124a929c025fd8249e4) Importer(815301076,1909f56bfc062723c751e8b465ee728b)  -> (artifact id: '8e4eee570a9b01b3734773c7b94af35d') in 0.079278 seconds 
========================================================================
Received Import Request.
  Time since last request: 0.593419 seconds.
  path: Assets/TirgamesAssets/TGEnvironment/Skyboxes/SkyBoxCity01_Night_Down.png
  artifactKey: Guid(d991c0d99fca01e4294fd86c1217a656) Importer(815301076,1909f56bfc062723c751e8b465ee728b)
Start importing Assets/TirgamesAssets/TGEnvironment/Skyboxes/SkyBoxCity01_Night_Down.png using Guid(d991c0d99fca01e4294fd86c1217a656) Importer(815301076,1909f56bfc062723c751e8b465ee728b)  -> (artifact id: '2c5223929de2997791b98ebe0279a8d4') in 0.070011 seconds 
========================================================================
Received Import Request.
  Time since last request: 0.000041 seconds.
  path: Assets/TirgamesAssets/TGEnvironment/Skyboxes/SkyBoxCity01_Night_Left.png
  artifactKey: Guid(3d868daed6d530145bcba086a8567cdc) Importer(815301076,1909f56bfc062723c751e8b465ee728b)
Start importing Assets/TirgamesAssets/TGEnvironment/Skyboxes/SkyBoxCity01_Night_Left.png using Guid(3d868daed6d530145bcba086a8567cdc) Importer(815301076,1909f56bfc062723c751e8b465ee728b)  -> (artifact id: '8f9b92ccd814c23ce708b4cfc90f559f') in 0.044579 seconds 
========================================================================
Received Import Request.
  Time since last request: 0.247599 seconds.
  path: Assets/TirgamesAssets/TGEnvironment/Skyboxes/SkyBoxCity01_Night_Up.png
  artifactKey: Guid(751ee98276e285c479a61baab88a05db) Importer(815301076,1909f56bfc062723c751e8b465ee728b)
Start importing Assets/TirgamesAssets/TGEnvironment/Skyboxes/SkyBoxCity01_Night_Up.png using Guid(751ee98276e285c479a61baab88a05db) Importer(815301076,1909f56bfc062723c751e8b465ee728b)  -> (artifact id: '415536bf96d62013da57b43968720767') in 0.053280 seconds 
========================================================================
Received Import Request.
  Time since last request: 0.377862 seconds.
  path: Assets/TirgamesAssets/ModernGalleryPBR/Textures/WallPaper.png
  artifactKey: Guid(709596bde0a68dd4492d5713174d1816) Importer(815301076,1909f56bfc062723c751e8b465ee728b)
Start importing Assets/TirgamesAssets/ModernGalleryPBR/Textures/WallPaper.png using Guid(709596bde0a68dd4492d5713174d1816) Importer(815301076,1909f56bfc062723c751e8b465ee728b)  -> (artifact id: 'c012779b798f1dd496f6fbac81dfbdf8') in 0.067380 seconds 
========================================================================
Received Import Request.
  Time since last request: 0.528032 seconds.
  path: Assets/TirgamesAssets/ModernGalleryPBR/Textures/WallPaper_Metallic.png
  artifactKey: Guid(1e0b36a3fa06a2543980bb891e8dcf51) Importer(815301076,1909f56bfc062723c751e8b465ee728b)
Start importing Assets/TirgamesAssets/ModernGalleryPBR/Textures/WallPaper_Metallic.png using Guid(1e0b36a3fa06a2543980bb891e8dcf51) Importer(815301076,1909f56bfc062723c751e8b465ee728b)  -> (artifact id: '97c5c78bdf3e8a6de75cff4fc00ef21e') in 0.061479 seconds 
========================================================================
Received Import Request.
  Time since last request: 0.183211 seconds.
  path: Assets/TirgamesAssets/ModernGalleryPBR/Textures/WallStone.png
  artifactKey: Guid(2607a537b64b1a94a8c537f9997e388f) Importer(815301076,1909f56bfc062723c751e8b465ee728b)
Start importing Assets/TirgamesAssets/ModernGalleryPBR/Textures/WallStone.png using Guid(2607a537b64b1a94a8c537f9997e388f) Importer(815301076,1909f56bfc062723c751e8b465ee728b)  -> (artifact id: 'eae5738428c6abb15638bc4d755a6035') in 0.241796 seconds 
========================================================================
Received Import Request.
  Time since last request: 0.003007 seconds.
  path: Assets/TirgamesAssets/ModernGalleryPBR/Textures/WoodDark.png
  artifactKey: Guid(1c895e195fe89244c8e5a2f474e23855) Importer(815301076,1909f56bfc062723c751e8b465ee728b)
Start importing Assets/TirgamesAssets/ModernGalleryPBR/Textures/WoodDark.png using Guid(1c895e195fe89244c8e5a2f474e23855) Importer(815301076,1909f56bfc062723c751e8b465ee728b)  -> (artifact id: '206f8407adfeb27bd101625c8519c657') in 0.226224 seconds 
========================================================================
Received Import Request.
  Time since last request: 3.027979 seconds.
  path: Assets/TirgamesAssets/ModernGalleryPBR/Textures/WoodDecor.png
  artifactKey: Guid(653ac188a0cc0bd4eac00d18c9aca152) Importer(815301076,1909f56bfc062723c751e8b465ee728b)
Start importing Assets/TirgamesAssets/ModernGalleryPBR/Textures/WoodDecor.png using Guid(653ac188a0cc0bd4eac00d18c9aca152) Importer(815301076,1909f56bfc062723c751e8b465ee728b)  -> (artifact id: '7e731513948da8e4ac3beb21c5d20e0a') in 0.041931 seconds 
========================================================================
Received Import Request.
  Time since last request: 0.150579 seconds.
  path: Assets/TirgamesAssets/ModernGalleryPBR/Textures/WoodDecor_NM.png
  artifactKey: Guid(6f35176a056432a46b91e4a0600aab6d) Importer(815301076,1909f56bfc062723c751e8b465ee728b)
Start importing Assets/TirgamesAssets/ModernGalleryPBR/Textures/WoodDecor_NM.png using Guid(6f35176a056432a46b91e4a0600aab6d) Importer(815301076,1909f56bfc062723c751e8b465ee728b)  -> (artifact id: 'fc2acb2df087b6ff568521675ef66294') in 0.049695 seconds 
========================================================================
Received Import Request.
  Time since last request: 0.372736 seconds.
  path: Assets/TirgamesAssets/ModernGalleryPBR/Textures/WoodLight_Metallic.png
  artifactKey: Guid(f58564773acdc1f47a6a56df81cc7859) Importer(815301076,1909f56bfc062723c751e8b465ee728b)
Start importing Assets/TirgamesAssets/ModernGalleryPBR/Textures/WoodLight_Metallic.png using Guid(f58564773acdc1f47a6a56df81cc7859) Importer(815301076,1909f56bfc062723c751e8b465ee728b)  -> (artifact id: 'd5caa25cab68d9eb40fff9f40b930f3b') in 0.045819 seconds 
========================================================================
Received Prepare
Refreshing native plugins compatible for Editor in 206.48 ms, found 3 plugins.
Preloading 0 native plugins for Editor in 0.00 ms.
Unloading 28 Unused Serialized files (Serialized files now loaded: 0)
Unloading 28 unused Assets / (1.2 MB). Loaded Objects now: 3896.
Memory consumption went from 73.9 MB to 72.6 MB.
Total: 19.323800 ms (FindLiveObjects: 1.786300 ms CreateObjectMapping: 0.286900 ms MarkObjects: 16.664700 ms  DeleteObjects: 0.583300 ms)

AssetImportParameters requested are different than current active one (requested -> active):
  custom:video-decoder-ogg-theora: a1e56fd34408186e4bbccfd4996cb3dc -> 
  custom:container-muxer-webm: aa71ff27fc2769a1b78a27578f13a17b -> 
  custom:container-demuxer-webm: 4f35f7cbe854078d1ac9338744f61a02 -> 
  custom:video-encoder-webm-vp8: eb34c28f22e8b96e1ab97ce403110664 -> 
  custom:video-codec-MediaFoundation-h265: 746d11721c4dcdbdad8f713fa42b33f4 -> 
  custom:audio-encoder-webm-vorbis: bf7c407c2cedff20999df2af8eb42d56 -> 
  custom:framework-win-MediaFoundation: 216162199b28c13a410421893ffa2e32 -> 
  custom:container-demuxer-ogg: 62fdf1f143b41e24485cea50d1cbac27 -> 
  custom:video-decoder-webm-vp8: 9c59270c3fd7afecdb556c50c9e8de78 -> 
  custom:audio-decoder-ogg-vorbis: bf7c407c2cedff20999df2af8eb42d56 -> 
========================================================================
Received Prepare
Refreshing native plugins compatible for Editor in 8.51 ms, found 3 plugins.
Preloading 0 native plugins for Editor in 0.00 ms.
Unloading 28 Unused Serialized files (Serialized files now loaded: 0)
Unloading 28 unused Assets / (1.2 MB). Loaded Objects now: 3896.
Memory consumption went from 73.9 MB to 72.6 MB.
Total: 7.313700 ms (FindLiveObjects: 0.511500 ms CreateObjectMapping: 0.344700 ms MarkObjects: 6.115000 ms  DeleteObjects: 0.340400 ms)

AssetImportParameters requested are different than current active one (requested -> active):
  custom:video-decoder-ogg-theora: a1e56fd34408186e4bbccfd4996cb3dc -> 
  custom:container-muxer-webm: aa71ff27fc2769a1b78a27578f13a17b -> 
  custom:container-demuxer-webm: 4f35f7cbe854078d1ac9338744f61a02 -> 
  custom:video-encoder-webm-vp8: eb34c28f22e8b96e1ab97ce403110664 -> 
  custom:video-codec-MediaFoundation-h265: 746d11721c4dcdbdad8f713fa42b33f4 -> 
  custom:audio-encoder-webm-vorbis: bf7c407c2cedff20999df2af8eb42d56 -> 
  custom:framework-win-MediaFoundation: 216162199b28c13a410421893ffa2e32 -> 
  custom:container-demuxer-ogg: 62fdf1f143b41e24485cea50d1cbac27 -> 
  custom:video-decoder-webm-vp8: 9c59270c3fd7afecdb556c50c9e8de78 -> 
  custom:audio-decoder-ogg-vorbis: bf7c407c2cedff20999df2af8eb42d56 -> 
========================================================================
Received Prepare
Refreshing native plugins compatible for Editor in 10.58 ms, found 3 plugins.
Preloading 0 native plugins for Editor in 0.00 ms.
Unloading 28 Unused Serialized files (Serialized files now loaded: 0)
Unloading 28 unused Assets / (1.2 MB). Loaded Objects now: 3896.
Memory consumption went from 73.9 MB to 72.6 MB.
Total: 5.877100 ms (FindLiveObjects: 0.373300 ms CreateObjectMapping: 0.235900 ms MarkObjects: 4.965500 ms  DeleteObjects: 0.300400 ms)

AssetImportParameters requested are different than current active one (requested -> active):
  custom:video-decoder-ogg-theora: a1e56fd34408186e4bbccfd4996cb3dc -> 
  custom:container-muxer-webm: aa71ff27fc2769a1b78a27578f13a17b -> 
  custom:container-demuxer-webm: 4f35f7cbe854078d1ac9338744f61a02 -> 
  custom:video-encoder-webm-vp8: eb34c28f22e8b96e1ab97ce403110664 -> 
  custom:video-codec-MediaFoundation-h265: 746d11721c4dcdbdad8f713fa42b33f4 -> 
  custom:audio-encoder-webm-vorbis: bf7c407c2cedff20999df2af8eb42d56 -> 
  custom:framework-win-MediaFoundation: 216162199b28c13a410421893ffa2e32 -> 
  custom:container-demuxer-ogg: 62fdf1f143b41e24485cea50d1cbac27 -> 
  custom:video-decoder-webm-vp8: 9c59270c3fd7afecdb556c50c9e8de78 -> 
  custom:audio-decoder-ogg-vorbis: bf7c407c2cedff20999df2af8eb42d56 -> 
========================================================================
Received Prepare
Refreshing native plugins compatible for Editor in 10.18 ms, found 3 plugins.
Preloading 0 native plugins for Editor in 0.00 ms.
Unloading 28 Unused Serialized files (Serialized files now loaded: 0)
Unloading 28 unused Assets / (1.3 MB). Loaded Objects now: 3896.
Memory consumption went from 73.1 MB to 71.9 MB.
Total: 8.285600 ms (FindLiveObjects: 0.542400 ms CreateObjectMapping: 0.280800 ms MarkObjects: 7.026200 ms  DeleteObjects: 0.433700 ms)

AssetImportParameters requested are different than current active one (requested -> active):
  custom:video-decoder-ogg-theora: a1e56fd34408186e4bbccfd4996cb3dc -> 
  custom:container-muxer-webm: aa71ff27fc2769a1b78a27578f13a17b -> 
  custom:container-demuxer-webm: 4f35f7cbe854078d1ac9338744f61a02 -> 
  custom:video-encoder-webm-vp8: eb34c28f22e8b96e1ab97ce403110664 -> 
  custom:video-codec-MediaFoundation-h265: 746d11721c4dcdbdad8f713fa42b33f4 -> 
  custom:audio-encoder-webm-vorbis: bf7c407c2cedff20999df2af8eb42d56 -> 
  custom:framework-win-MediaFoundation: 216162199b28c13a410421893ffa2e32 -> 
  custom:container-demuxer-ogg: 62fdf1f143b41e24485cea50d1cbac27 -> 
  custom:video-decoder-webm-vp8: 9c59270c3fd7afecdb556c50c9e8de78 -> 
  custom:audio-decoder-ogg-vorbis: bf7c407c2cedff20999df2af8eb42d56 -> 
========================================================================
Received Prepare
Refreshing native plugins compatible for Editor in 7.05 ms, found 3 plugins.
Preloading 0 native plugins for Editor in 0.00 ms.
Unloading 28 Unused Serialized files (Serialized files now loaded: 0)
Unloading 28 unused Assets / (1.3 MB). Loaded Objects now: 3896.
Memory consumption went from 73.1 MB to 71.9 MB.
Total: 4.878000 ms (FindLiveObjects: 0.305400 ms CreateObjectMapping: 0.180900 ms MarkObjects: 4.108800 ms  DeleteObjects: 0.281400 ms)

AssetImportParameters requested are different than current active one (requested -> active):
  custom:video-decoder-ogg-theora: a1e56fd34408186e4bbccfd4996cb3dc -> 
  custom:container-muxer-webm: aa71ff27fc2769a1b78a27578f13a17b -> 
  custom:container-demuxer-webm: 4f35f7cbe854078d1ac9338744f61a02 -> 
  custom:video-encoder-webm-vp8: eb34c28f22e8b96e1ab97ce403110664 -> 
  custom:video-codec-MediaFoundation-h265: 746d11721c4dcdbdad8f713fa42b33f4 -> 
  custom:audio-encoder-webm-vorbis: bf7c407c2cedff20999df2af8eb42d56 -> 
  custom:framework-win-MediaFoundation: 216162199b28c13a410421893ffa2e32 -> 
  custom:container-demuxer-ogg: 62fdf1f143b41e24485cea50d1cbac27 -> 
  custom:video-decoder-webm-vp8: 9c59270c3fd7afecdb556c50c9e8de78 -> 
  custom:audio-decoder-ogg-vorbis: bf7c407c2cedff20999df2af8eb42d56 -> 
========================================================================
Received Prepare
Registering precompiled user dll's ...
Registered in 0.011968 seconds.
Begin MonoManager ReloadAssembly
Native extension for WindowsStandalone target not found
Native extension for OSXStandalone target not found
Native extension for WebGL target not found
Refreshing native plugins compatible for Editor in 2.53 ms, found 3 plugins.
Preloading 0 native plugins for Editor in 0.00 ms.
Mono: successfully reloaded assembly
- Completed reload, in 17.991 seconds
Domain Reload Profiling:
	ReloadAssembly (17995ms)
		BeginReloadAssembly (547ms)
			ExecutionOrderSort (0ms)
			DisableScriptedObjects (31ms)
			BackupInstance (0ms)
			ReleaseScriptingObjects (0ms)
			CreateAndSetChildDomain (170ms)
		EndReloadAssembly (17000ms)
			LoadAssemblies (299ms)
			RebuildTransferFunctionScriptingTraits (0ms)
			SetupTypeCache (1040ms)
			ReleaseScriptCaches (4ms)
			RebuildScriptCaches (169ms)
			SetupLoadedEditorAssemblies (1448ms)
				LogAssemblyErrors (0ms)
				InitializePlatformSupportModulesInManaged (68ms)
				SetLoadedEditorAssemblies (2ms)
				RefreshPlugins (3ms)
				BeforeProcessingInitializeOnLoad (266ms)
				ProcessInitializeOnLoadAttributes (968ms)
				ProcessInitializeOnLoadMethodAttributes (115ms)
				AfterProcessingInitializeOnLoad (25ms)
				EditorAssembliesLoaded (1ms)
			ExecutionOrderSort2 (0ms)
			AwakeInstancesAfterBackupRestoration (120ms)
Platform modules already initialized, skipping
Switching build target platform(19) subTarget(0) extendedPlatform(0) -> platform(13) subTarget(0) extendedPlatform(0)
Refreshing native plugins compatible for Editor in 1.90 ms, found 3 plugins.
Preloading 0 native plugins for Editor in 0.00 ms.
Unloading 3250 Unused Serialized files (Serialized files now loaded: 0)
Unloading 30 unused Assets / (1.3 MB). Loaded Objects now: 4611.
Memory consumption went from 243.2 MB to 241.9 MB.
Total: 13.386100 ms (FindLiveObjects: 0.891600 ms CreateObjectMapping: 0.372800 ms MarkObjects: 11.533800 ms  DeleteObjects: 0.584800 ms)

AssetImportParameters requested are different than current active one (requested -> active):
  custom:video-decoder-ogg-theora: a1e56fd34408186e4bbccfd4996cb3dc -> 
  custom:container-muxer-webm: aa71ff27fc2769a1b78a27578f13a17b -> 
  custom:container-demuxer-webm: 4f35f7cbe854078d1ac9338744f61a02 -> 
  custom:video-encoder-webm-vp8: eb34c28f22e8b96e1ab97ce403110664 -> 
  custom:video-codec-MediaFoundation-h265: 746d11721c4dcdbdad8f713fa42b33f4 -> 
  custom:audio-encoder-webm-vorbis: bf7c407c2cedff20999df2af8eb42d56 -> 
  custom:framework-win-MediaFoundation: 216162199b28c13a410421893ffa2e32 -> 
  custom:container-demuxer-ogg: 62fdf1f143b41e24485cea50d1cbac27 -> 
  custom:video-decoder-webm-vp8: 9c59270c3fd7afecdb556c50c9e8de78 -> 
  custom:audio-decoder-ogg-vorbis: bf7c407c2cedff20999df2af8eb42d56 -> 
========================================================================
Received Prepare
Refreshing native plugins compatible for Editor in 515.98 ms, found 3 plugins.
Preloading 0 native plugins for Editor in 0.00 ms.
Unloading 28 Unused Serialized files (Serialized files now loaded: 0)
Unloading 28 unused Assets / (1.3 MB). Loaded Objects now: 4611.
Memory consumption went from 178.1 MB to 176.8 MB.
Total: 4955.796400 ms (FindLiveObjects: 13.043900 ms CreateObjectMapping: 0.450500 ms MarkObjects: 4941.879700 ms  DeleteObjects: 0.418000 ms)

AssetImportParameters requested are different than current active one (requested -> active):
  custom:video-decoder-ogg-theora: a1e56fd34408186e4bbccfd4996cb3dc -> 
  custom:container-muxer-webm: aa71ff27fc2769a1b78a27578f13a17b -> 
  custom:container-demuxer-webm: 4f35f7cbe854078d1ac9338744f61a02 -> 
  custom:video-encoder-webm-vp8: eb34c28f22e8b96e1ab97ce403110664 -> 
  custom:video-codec-MediaFoundation-h265: 746d11721c4dcdbdad8f713fa42b33f4 -> 
  custom:audio-encoder-webm-vorbis: bf7c407c2cedff20999df2af8eb42d56 -> 
  custom:framework-win-MediaFoundation: 216162199b28c13a410421893ffa2e32 -> 
  custom:container-demuxer-ogg: 62fdf1f143b41e24485cea50d1cbac27 -> 
  custom:video-decoder-webm-vp8: 9c59270c3fd7afecdb556c50c9e8de78 -> 
  custom:audio-decoder-ogg-vorbis: bf7c407c2cedff20999df2af8eb42d56 -> 
